#
# There is insufficient memory for the Java Runtime Environment to continue.
# Native memory allocation (malloc) failed to allocate 934816 bytes for Chunk::new
# Possible reasons:
#   The system is out of physical RAM or swap space
#   The process is running with CompressedOops enabled, and the Java Heap may be blocking the growth of the native heap
# Possible solutions:
#   Reduce memory load on the system
#   Increase physical memory or swap space
#   Check if swap backing store is full
#   Decrease Java heap size (-Xmx/-Xms)
#   Decrease number of Java threads
#   Decrease Java thread stack sizes (-Xss)
#   Set larger code cache with -XX:ReservedCodeCacheSize=
#   JVM is running with Unscaled Compressed Oops mode in which the Java heap is
#     placed in the first 4GB address space. The Java Heap base address is the
#     maximum limit for the native heap growth. Please use -XX:HeapBaseMinAddress
#     to set the Java Heap base and to place the Java Heap above 4GB virtual address.
# This output file may be truncated or incomplete.
#
#  Out of Memory Error (arena.cpp:184), pid=156480, tid=135472
#
# JRE version: Java(TM) SE Runtime Environment (19.0+36) (build 19+36-2238)
# Java VM: Java HotSpot(TM) 64-Bit Server VM (19+36-2238, mixed mode, sharing, tiered, compressed oops, compressed class ptrs, g1 gc, windows-amd64)
# No core dump will be written. Minidumps are not enabled by default on client versions of Windows
#

---------------  S U M M A R Y ------------

Command Line: -Dfile.encoding=UTF-8 -Dstdout.encoding=UTF-8 -Dstderr.encoding=UTF-8 -XX:+ShowCodeDetailsInExceptionMessages com.hcmus.site.MyShopFrontendApplication

Host: Intel(R) Core(TM) i7-10750H CPU @ 2.60GHz, 12 cores, 7G,  Windows 11 , 64 bit Build 22621 (10.0.22621.3958)
Time: Mon Oct 21 18:57:52 2024 SE Asia Standard Time elapsed time: 9.674178 seconds (0d 0h 0m 9s)

---------------  T H R E A D  ---------------

Current thread (0x0000016922643820):  JavaThread "C2 CompilerThread1" daemon [_thread_in_native, id=135472, stack(0x0000000d9b400000,0x0000000d9b500000)]


Current CompileTask:
C2:   9675 7821       4       org.springframework.core.annotation.TypeMappedAnnotations::get (52 bytes)

Stack: [0x0000000d9b400000,0x0000000d9b500000]
Native frames: (J=compiled Java code, j=interpreted, Vv=VM code, C=native code)
V  [jvm.dll+0x6ee8fa]
V  [jvm.dll+0x857a1e]
V  [jvm.dll+0x85940e]
V  [jvm.dll+0x859ac3]
V  [jvm.dll+0x28291f]
V  [jvm.dll+0xc9b5f]
V  [jvm.dll+0xc9ee5]
V  [jvm.dll+0x2f7c6f]
V  [jvm.dll+0x5f0c5b]
V  [jvm.dll+0x2551fc]
V  [jvm.dll+0x24e097]
V  [jvm.dll+0x24b563]
V  [jvm.dll+0x1d6d61]
V  [jvm.dll+0x25b0fa]
V  [jvm.dll+0x259588]
V  [jvm.dll+0x807928]
V  [jvm.dll+0x8015fa]
V  [jvm.dll+0x6ed5eb]
C  [ucrtbase.dll+0x29333]
C  [KERNEL32.DLL+0x1257d]
C  [ntdll.dll+0x5af08]


---------------  P R O C E S S  ---------------

Threads class SMR info:
_java_thread_list=0x000001692245ddf0, length=20, elements={
0x000001697d883ea0, 0x000001697f6b5360, 0x000001697f6b5f50, 0x000001697f6b8eb0,
0x000001697f6bc800, 0x000001697f6bd130, 0x000001697f6c5a70, 0x000001697f6cbbe0,
0x000001697f6cc550, 0x000001697f6d9300, 0x0000016921118eb0, 0x0000016921127c90,
0x0000016921a61820, 0x0000016921a647e0, 0x0000016922d5de90, 0x0000016922d5e3e0,
0x0000016922643820, 0x0000016922d5e930, 0x0000016922d5ee80, 0x0000016922d60910
}

Java Threads: ( => current thread )
  0x000001697d883ea0 JavaThread "main" [_thread_blocked, id=110348, stack(0x0000000d99a00000,0x0000000d99b00000)]
  0x000001697f6b5360 JavaThread "Reference Handler" daemon [_thread_blocked, id=123872, stack(0x0000000d9a100000,0x0000000d9a200000)]
  0x000001697f6b5f50 JavaThread "Finalizer" daemon [_thread_blocked, id=121556, stack(0x0000000d9a200000,0x0000000d9a300000)]
  0x000001697f6b8eb0 JavaThread "Signal Dispatcher" daemon [_thread_blocked, id=114252, stack(0x0000000d9a300000,0x0000000d9a400000)]
  0x000001697f6bc800 JavaThread "Attach Listener" daemon [_thread_blocked, id=111284, stack(0x0000000d9a400000,0x0000000d9a500000)]
  0x000001697f6bd130 JavaThread "Service Thread" daemon [_thread_blocked, id=141956, stack(0x0000000d9a500000,0x0000000d9a600000)]
  0x000001697f6c5a70 JavaThread "Monitor Deflation Thread" daemon [_thread_blocked, id=137320, stack(0x0000000d9a600000,0x0000000d9a700000)]
  0x000001697f6cbbe0 JavaThread "C2 CompilerThread0" daemon [_thread_blocked, id=146912, stack(0x0000000d9a700000,0x0000000d9a800000)]
  0x000001697f6cc550 JavaThread "C1 CompilerThread0" daemon [_thread_blocked, id=130796, stack(0x0000000d9a800000,0x0000000d9a900000)]
  0x000001697f6d9300 JavaThread "Sweeper thread" daemon [_thread_blocked, id=136968, stack(0x0000000d9a900000,0x0000000d9aa00000)]
  0x0000016921118eb0 JavaThread "Notification Thread" daemon [_thread_blocked, id=107916, stack(0x0000000d9aa00000,0x0000000d9ab00000)]
  0x0000016921127c90 JavaThread "Common-Cleaner" daemon [_thread_blocked, id=130604, stack(0x0000000d9ac00000,0x0000000d9ad00000)]
  0x0000016921a61820 JavaThread "Thread-0" [_thread_blocked, id=153696, stack(0x0000000d9ad00000,0x0000000d9ae00000)]
  0x0000016921a647e0 JavaThread "restartedMain" [_thread_blocked, id=152636, stack(0x0000000d9ae00000,0x0000000d9af00000)]
  0x0000016922d5de90 JavaThread "mysql-cj-abandoned-connection-cleanup" daemon [_thread_blocked, id=78196, stack(0x0000000d9bb00000,0x0000000d9bc00000)]
  0x0000016922d5e3e0 JavaThread "HikariPool-1 housekeeper" daemon [_thread_blocked, id=89000, stack(0x0000000d9bd00000,0x0000000d9be00000)]
=>0x0000016922643820 JavaThread "C2 CompilerThread1" daemon [_thread_in_native, id=135472, stack(0x0000000d9b400000,0x0000000d9b500000)]
  0x0000016922d5e930 JavaThread "Catalina-utility-1" [_thread_blocked, id=125548, stack(0x0000000d9be00000,0x0000000d9bf00000)]
  0x0000016922d5ee80 JavaThread "Catalina-utility-2" [_thread_blocked, id=153764, stack(0x0000000d9bf00000,0x0000000d9c000000)]
  0x0000016922d60910 JavaThread "container-0" [_thread_blocked, id=155044, stack(0x0000000d9c000000,0x0000000d9c100000)]

Other Threads:
  0x000001697f69cbe0 VMThread "VM Thread" [stack: 0x0000000d9a000000,0x0000000d9a100000] [id=115908]
  0x000001692111be20 WatcherThread "VM Periodic Task Thread" [stack: 0x0000000d9ab00000,0x0000000d9ac00000] [id=132628]
  0x000001697d8e5aa0 WorkerThread "GC Thread#0" [stack: 0x0000000d99b00000,0x0000000d99c00000] [id=134496]
  0x0000016921a67bb0 WorkerThread "GC Thread#1" [stack: 0x0000000d9af00000,0x0000000d9b000000] [id=154144]
  0x0000016921a68370 WorkerThread "GC Thread#2" [stack: 0x0000000d9b000000,0x0000000d9b100000] [id=142988]
  0x0000016921e67dc0 WorkerThread "GC Thread#3" [stack: 0x0000000d9b100000,0x0000000d9b200000] [id=154592]
  0x0000016921e67af0 WorkerThread "GC Thread#4" [stack: 0x0000000d9b200000,0x0000000d9b300000] [id=154580]
  0x0000016921e67550 WorkerThread "GC Thread#5" [stack: 0x0000000d9b300000,0x0000000d9b400000] [id=154572]
  0x0000016921e66ce0 WorkerThread "GC Thread#6" [stack: 0x0000000d9b600000,0x0000000d9b700000] [id=141660]
  0x0000016921e68090 WorkerThread "GC Thread#7" [stack: 0x0000000d9b700000,0x0000000d9b800000] [id=110972]
  0x0000016921e66740 WorkerThread "GC Thread#8" [stack: 0x0000000d9b800000,0x0000000d9b900000] [id=34940]
  0x0000016921e66470 WorkerThread "GC Thread#9" [stack: 0x0000000d9b900000,0x0000000d9ba00000] [id=142668]
  0x000001697d8f6cc0 ConcurrentGCThread "G1 Main Marker" [stack: 0x0000000d99c00000,0x0000000d99d00000] [id=122248]
  0x000001697d8f8600 WorkerThread "G1 Conc#0" [stack: 0x0000000d99d00000,0x0000000d99e00000] [id=116852]
  0x0000016921e67280 WorkerThread "G1 Conc#1" [stack: 0x0000000d9b500000,0x0000000d9b600000] [id=51216]
  0x0000016921e67820 WorkerThread "G1 Conc#2" [stack: 0x0000000d9ba00000,0x0000000d9bb00000] [id=52080]
  0x000001697f558410 ConcurrentGCThread "G1 Refine#0" [stack: 0x0000000d99e00000,0x0000000d99f00000] [id=140012]
  0x000001697f558e50 ConcurrentGCThread "G1 Service" [stack: 0x0000000d99f00000,0x0000000d9a000000] [id=118848]

Threads with active compile tasks:
C2 CompilerThread0     9709 7972       4       org.antlr.v4.runtime.atn.PredictionContext::getCachedContext (261 bytes)
C1 CompilerThread0     9710 7990       2       org.antlr.v4.runtime.atn.ParserATNSimulator::computeTargetState (286 bytes)
C2 CompilerThread1     9710 7821       4       org.springframework.core.annotation.TypeMappedAnnotations::get (52 bytes)

VM state: at safepoint (normal execution)

VM Mutex/Monitor currently owned by a thread:  ([mutex/lock_event])
[0x000001697d8804a0] Threads_lock - owner thread: 0x000001697f69cbe0
[0x000001697d880b60] Heap_lock - owner thread: 0x0000016921a647e0

Heap address: 0x0000000082c00000, size: 2004 MB, Compressed Oops mode: 32-bit

CDS archive(s) mapped at: [0x0000000800000000-0x0000000800c40000-0x0000000800c40000), size 12845056, SharedBaseAddress: 0x0000000800000000, ArchiveRelocationMode: 0.
Compressed class space mapped at: 0x0000000801000000-0x0000000841000000, reserved size: 1073741824
Narrow klass base: 0x0000000800000000, Narrow klass shift: 0, Narrow klass range: 0x100000000

GC Precious Log:
 CardTable entry size: 512
 Card Set container configuration: InlinePtr #cards 5 size 8 Array Of Cards #cards 12 size 40 Howl #buckets 4 coarsen threshold 1843 Howl Bitmap #cards 512 size 80 coarsen threshold 460 Card regions per heap region 1 cards per card region 2048
 CPUs: 12 total, 12 available
 Memory: 8013M
 Large Page Support: Disabled
 NUMA Support: Disabled
 Compressed Oops: Enabled (32-bit)
 Heap Region Size: 1M
 Heap Min Capacity: 8M
 Heap Initial Capacity: 126M
 Heap Max Capacity: 2004M
 Pre-touch: Disabled
 Parallel Workers: 10
 Concurrent Workers: 3
 Concurrent Refinement Workers: 10
 Periodic GC: Disabled

Heap:
 garbage-first heap   total 58368K, used 35460K [0x0000000082c00000, 0x0000000100000000)
  region size 1024K, 2 young (2048K), 2 survivors (2048K)
 Metaspace       used 69607K, committed 70272K, reserved 1114112K
  class space    used 9188K, committed 9472K, reserved 1048576K

Heap Regions: E=young(eden), S=young(survivor), O=old, HS=humongous(starts), HC=humongous(continues), CS=collection set, F=free, OA=open archive, CA=closed archive, TAMS=top-at-mark-start (previous, next)
|   0|0x0000000082c00000, 0x0000000082d00000, 0x0000000082d00000|100%|HS|  |TAMS 0x0000000082d00000, 0x0000000082c00000| Complete 
|   1|0x0000000082d00000, 0x0000000082e00000, 0x0000000082e00000|100%| O|  |TAMS 0x0000000082e00000, 0x0000000082d00000| Untracked 
|   2|0x0000000082e00000, 0x0000000082f00000, 0x0000000082f00000|100%| O|  |TAMS 0x0000000082f00000, 0x0000000082e00000| Untracked 
|   3|0x0000000082f00000, 0x0000000083000000, 0x0000000083000000|100%| O|  |TAMS 0x0000000083000000, 0x0000000082f00000| Untracked 
|   4|0x0000000083000000, 0x0000000083100000, 0x0000000083100000|100%| O|  |TAMS 0x0000000083100000, 0x0000000083000000| Untracked 
|   5|0x0000000083100000, 0x0000000083200000, 0x0000000083200000|100%| O|  |TAMS 0x0000000083200000, 0x0000000083100000| Untracked 
|   6|0x0000000083200000, 0x0000000083300000, 0x0000000083300000|100%| O|  |TAMS 0x0000000083300000, 0x0000000083200000| Untracked 
|   7|0x0000000083300000, 0x0000000083400000, 0x0000000083400000|100%| O|  |TAMS 0x0000000083400000, 0x0000000083300000| Untracked 
|   8|0x0000000083400000, 0x0000000083500000, 0x0000000083500000|100%| O|  |TAMS 0x0000000083500000, 0x0000000083400000| Untracked 
|   9|0x0000000083500000, 0x0000000083600000, 0x0000000083600000|100%| O|  |TAMS 0x0000000083600000, 0x0000000083500000| Untracked 
|  10|0x0000000083600000, 0x0000000083700000, 0x0000000083700000|100%| O|  |TAMS 0x0000000083700000, 0x0000000083600000| Untracked 
|  11|0x0000000083700000, 0x0000000083800000, 0x0000000083800000|100%| O|  |TAMS 0x0000000083800000, 0x0000000083700000| Untracked 
|  12|0x0000000083800000, 0x0000000083900000, 0x0000000083900000|100%| O|  |TAMS 0x0000000083900000, 0x0000000083800000| Untracked 
|  13|0x0000000083900000, 0x0000000083a00000, 0x0000000083a00000|100%| O|  |TAMS 0x0000000083a00000, 0x0000000083900000| Untracked 
|  14|0x0000000083a00000, 0x0000000083b00000, 0x0000000083b00000|100%| O|  |TAMS 0x0000000083b00000, 0x0000000083a00000| Untracked 
|  15|0x0000000083b00000, 0x0000000083c00000, 0x0000000083c00000|100%| O|  |TAMS 0x0000000083c00000, 0x0000000083b00000| Untracked 
|  16|0x0000000083c00000, 0x0000000083d00000, 0x0000000083d00000|100%| O|  |TAMS 0x0000000083d00000, 0x0000000083c00000| Untracked 
|  17|0x0000000083d00000, 0x0000000083e00000, 0x0000000083e00000|100%| O|  |TAMS 0x0000000083e00000, 0x0000000083d00000| Untracked 
|  18|0x0000000083e00000, 0x0000000083f00000, 0x0000000083f00000|100%| O|  |TAMS 0x0000000083e00000, 0x0000000083e00000| Untracked 
|  19|0x0000000083f00000, 0x0000000084000000, 0x0000000084000000|100%| O|  |TAMS 0x0000000084000000, 0x0000000083f00000| Untracked 
|  20|0x0000000084000000, 0x0000000084100000, 0x0000000084100000|100%| O|  |TAMS 0x0000000084100000, 0x0000000084000000| Untracked 
|  21|0x0000000084100000, 0x0000000084200000, 0x0000000084200000|100%| O|  |TAMS 0x0000000084200000, 0x0000000084100000| Untracked 
|  22|0x0000000084200000, 0x0000000084300000, 0x0000000084300000|100%| O|  |TAMS 0x0000000084300000, 0x0000000084200000| Untracked 
|  23|0x0000000084300000, 0x0000000084400000, 0x0000000084400000|100%| O|  |TAMS 0x0000000084400000, 0x0000000084300000| Untracked 
|  24|0x0000000084400000, 0x0000000084500000, 0x0000000084500000|100%| O|  |TAMS 0x0000000084500000, 0x0000000084400000| Untracked 
|  25|0x0000000084500000, 0x0000000084600000, 0x0000000084600000|100%| O|  |TAMS 0x0000000084600000, 0x0000000084500000| Untracked 
|  26|0x0000000084600000, 0x0000000084700000, 0x0000000084700000|100%| O|  |TAMS 0x0000000084700000, 0x0000000084600000| Untracked 
|  27|0x0000000084700000, 0x0000000084800000, 0x0000000084800000|100%| O|  |TAMS 0x0000000084800000, 0x0000000084700000| Untracked 
|  28|0x0000000084800000, 0x0000000084900000, 0x0000000084900000|100%| O|  |TAMS 0x0000000084900000, 0x0000000084800000| Untracked 
|  29|0x0000000084900000, 0x0000000084a00000, 0x0000000084a00000|100%| O|  |TAMS 0x0000000084a00000, 0x0000000084900000| Untracked 
|  30|0x0000000084a00000, 0x0000000084b00000, 0x0000000084b00000|100%| O|  |TAMS 0x0000000084b00000, 0x0000000084a00000| Untracked 
|  31|0x0000000084b00000, 0x0000000084c00000, 0x0000000084c00000|100%| O|  |TAMS 0x0000000084b54e00, 0x0000000084b00000| Untracked 
|  32|0x0000000084c00000, 0x0000000084ca1000, 0x0000000084d00000| 62%| O|  |TAMS 0x0000000084c00000, 0x0000000084c00000| Untracked 
|  33|0x0000000084d00000, 0x0000000084d00000, 0x0000000084e00000|  0%| F|  |TAMS 0x0000000084d00000, 0x0000000084d00000| Untracked 
|  34|0x0000000084e00000, 0x0000000084e00000, 0x0000000084f00000|  0%| F|  |TAMS 0x0000000084e00000, 0x0000000084e00000| Untracked 
|  35|0x0000000084f00000, 0x0000000084f00000, 0x0000000085000000|  0%| F|  |TAMS 0x0000000084f00000, 0x0000000084f00000| Untracked 
|  36|0x0000000085000000, 0x0000000085000000, 0x0000000085100000|  0%| F|  |TAMS 0x0000000085000000, 0x0000000085000000| Untracked 
|  37|0x0000000085100000, 0x0000000085100000, 0x0000000085200000|  0%| F|  |TAMS 0x0000000085100000, 0x0000000085100000| Untracked 
|  38|0x0000000085200000, 0x0000000085200000, 0x0000000085300000|  0%| F|  |TAMS 0x0000000085200000, 0x0000000085200000| Untracked 
|  39|0x0000000085300000, 0x0000000085300000, 0x0000000085400000|  0%| F|  |TAMS 0x0000000085300000, 0x0000000085300000| Untracked 
|  40|0x0000000085400000, 0x0000000085400000, 0x0000000085500000|  0%| F|  |TAMS 0x0000000085400000, 0x0000000085400000| Untracked 
|  41|0x0000000085500000, 0x0000000085500000, 0x0000000085600000|  0%| F|  |TAMS 0x0000000085500000, 0x0000000085500000| Untracked 
|  42|0x0000000085600000, 0x0000000085700000, 0x0000000085700000|100%| S|CS|TAMS 0x0000000085600000, 0x0000000085600000| Complete 
|  43|0x0000000085700000, 0x0000000085800000, 0x0000000085800000|100%| S|CS|TAMS 0x0000000085700000, 0x0000000085700000| Complete 
|  44|0x0000000085800000, 0x0000000085800000, 0x0000000085900000|  0%| F|  |TAMS 0x0000000085800000, 0x0000000085800000| Untracked 
|  45|0x0000000085900000, 0x0000000085900000, 0x0000000085a00000|  0%| F|  |TAMS 0x0000000085900000, 0x0000000085900000| Untracked 
|  46|0x0000000085a00000, 0x0000000085a00000, 0x0000000085b00000|  0%| F|  |TAMS 0x0000000085a00000, 0x0000000085a00000| Untracked 
|  47|0x0000000085b00000, 0x0000000085b00000, 0x0000000085c00000|  0%| F|  |TAMS 0x0000000085b00000, 0x0000000085b00000| Untracked 
|  48|0x0000000085c00000, 0x0000000085c00000, 0x0000000085d00000|  0%| F|  |TAMS 0x0000000085c00000, 0x0000000085c00000| Untracked 
|  62|0x0000000086a00000, 0x0000000086a00000, 0x0000000086b00000|  0%| F|  |TAMS 0x0000000086a00000, 0x0000000086a00000| Untracked 
|  63|0x0000000086b00000, 0x0000000086b00000, 0x0000000086c00000|  0%| F|  |TAMS 0x0000000086b00000, 0x0000000086b00000| Untracked 
|  64|0x0000000086c00000, 0x0000000086c00000, 0x0000000086d00000|  0%| F|  |TAMS 0x0000000086c00000, 0x0000000086c00000| Untracked 
|  65|0x0000000086d00000, 0x0000000086d00000, 0x0000000086e00000|  0%| F|  |TAMS 0x0000000086d00000, 0x0000000086d00000| Untracked 
|  66|0x0000000086e00000, 0x0000000086e00000, 0x0000000086f00000|  0%| F|  |TAMS 0x0000000086e00000, 0x0000000086e00000| Untracked 
|  67|0x0000000086f00000, 0x0000000086f00000, 0x0000000087000000|  0%| F|  |TAMS 0x0000000086f00000, 0x0000000086f00000| Untracked 
|  68|0x0000000087000000, 0x0000000087000000, 0x0000000087100000|  0%| F|  |TAMS 0x0000000087000000, 0x0000000087000000| Untracked 
| 125|0x000000008a900000, 0x000000008a900000, 0x000000008aa00000|  0%| F|  |TAMS 0x000000008a900000, 0x000000008a900000| Untracked 

Card table byte_map: [0x000001697e270000,0x000001697e660000] _byte_map_base: 0x000001697de5a000

Marking Bits (Prev, Next): (CMBitMap*) 0x000001697d8e6010, (CMBitMap*) 0x000001697d8e5fd0
 Prev Bits: [0x0000016918de0000, 0x000001691ad30000)
 Next Bits: [0x0000016916e90000, 0x0000016918de0000)

Polling page: 0x000001697d030000

Metaspace:

Usage:
  Non-class:     59.00 MB used.
      Class:      8.97 MB used.
       Both:     67.98 MB used.

Virtual space:
  Non-class space:       64.00 MB reserved,      59.38 MB ( 93%) committed,  1 nodes.
      Class space:        1.00 GB reserved,       9.25 MB ( <1%) committed,  1 nodes.
             Both:        1.06 GB reserved,      68.62 MB (  6%) committed. 

Chunk freelists:
   Non-Class:  3.98 MB
       Class:  2.79 MB
        Both:  6.77 MB

MaxMetaspaceSize: unlimited
CompressedClassSpaceSize: 1.00 GB
Initial GC threshold: 21.00 MB
Current GC threshold: 113.38 MB
CDS: on
MetaspaceReclaimPolicy: balanced
 - commit_granule_bytes: 65536.
 - commit_granule_words: 8192.
 - virtual_space_node_default_size: 8388608.
 - enlarge_chunks_in_place: 1.
 - new_chunks_are_fully_committed: 0.
 - uncommit_free_chunks: 1.
 - use_allocation_guard: 0.


Internal statistics:

num_allocs_failed_limit: 9.
num_arena_births: 872.
num_arena_deaths: 2.
num_vsnodes_births: 2.
num_vsnodes_deaths: 0.
num_space_committed: 1098.
num_space_uncommitted: 0.
num_chunks_returned_to_freelist: 12.
num_chunks_taken_from_freelist: 3286.
num_chunk_merges: 9.
num_chunk_splits: 2403.
num_chunks_enlarged: 1895.
num_inconsistent_stats: 0.

CodeHeap 'non-profiled nmethods': size=120000Kb used=3736Kb max_used=3736Kb free=116263Kb
 bounds [0x000001690f960000, 0x000001690fd10000, 0x0000016916e90000]
CodeHeap 'profiled nmethods': size=120000Kb used=14474Kb max_used=14481Kb free=105526Kb
 bounds [0x0000016907e90000, 0x0000016908cc0000, 0x000001690f3c0000]
CodeHeap 'non-nmethods': size=5760Kb used=1470Kb max_used=1540Kb free=4289Kb
 bounds [0x000001690f3c0000, 0x000001690f630000, 0x000001690f960000]
 total_blobs=7788 nmethods=7066 adapters=631
 compilation: enabled
              stopped_count=0, restarted_count=0
 full_count=0

Compilation events (20 events):
Event: 9.665 Thread 0x000001697f6cc550 7959       1       java.util.AbstractList$RandomAccessSpliterator::characteristics (4 bytes)
Event: 9.665 Thread 0x000001697f6cc550 nmethod 7959 0x000001690fd02f10 code [0x000001690fd030a0, 0x000001690fd03178]
Event: 9.666 Thread 0x000001697f6cc550 7960       3       org.springframework.data.util.TypeDiscoverer::getType (8 bytes)
Event: 9.666 Thread 0x000001697f6cc550 nmethod 7960 0x0000016908caa490 code [0x0000016908caa640, 0x0000016908caa998]
Event: 9.666 Thread 0x000001697f6cc550 7961       1       org.springframework.data.repository.util.QueryExecutionConverters$WrapperType::getType (5 bytes)
Event: 9.666 Thread 0x000001697f6cc550 nmethod 7961 0x000001690fd03210 code [0x000001690fd033a0, 0x000001690fd03458]
Event: 9.667 Thread 0x000001697f6cc550 7962       3       java.util.regex.Matcher::group (112 bytes)
Event: 9.668 Thread 0x000001697f6cc550 nmethod 7962 0x0000016908caaa90 code [0x0000016908caad20, 0x0000016908cab798]
Event: 9.668 Thread 0x000001697f6cc550 7964       3       java.util.regex.CharPredicates$$Lambda$72/0x0000000801077058::is (5 bytes)
Event: 9.668 Thread 0x000001697f6cc550 nmethod 7964 0x0000016908cabb90 code [0x0000016908cabd60, 0x0000016908cac178]
Event: 9.668 Thread 0x000001697f6cc550 7963       3       java.util.regex.Matcher::groupCount (10 bytes)
Event: 9.668 Thread 0x000001697f6cc550 nmethod 7963 0x0000016908cac310 code [0x0000016908cac4a0, 0x0000016908cac5b8]
Event: 9.669 Thread 0x000001697f6cc550 7965       3       java.util.regex.Pattern$Node::match (27 bytes)
Event: 9.669 Thread 0x000001697f6cc550 nmethod 7965 0x0000016908cac690 code [0x0000016908cac840, 0x0000016908cac9b8]
Event: 9.669 Thread 0x000001697f6cc550 7967       3       java.util.regex.CharPredicates::ASCII_WORD (6 bytes)
Event: 9.670 Thread 0x000001697f6cc550 nmethod 7967 0x0000016908cacb10 code [0x0000016908caccc0, 0x0000016908cacef8]
Event: 9.670 Thread 0x000001697f6cc550 7966       3       java.util.regex.Pattern$Bound::isWord (29 bytes)
Event: 9.670 Thread 0x000001697f6cc550 nmethod 7966 0x0000016908cad010 code [0x0000016908cad280, 0x0000016908cadda8]
Event: 9.670 Thread 0x000001697f6cc550 7968       3       java.util.regex.Pattern$Bound::match (34 bytes)
Event: 9.670 Thread 0x000001697f6cc550 nmethod 7968 0x0000016908cae110 code [0x0000016908cae2c0, 0x0000016908cae598]

GC Heap History (20 events):
Event: 7.098 GC heap before
{Heap before GC invocations=13 (full 0):
 garbage-first heap   total 55296K, used 42196K [0x0000000082c00000, 0x0000000100000000)
  region size 1024K, 20 young (20480K), 2 survivors (2048K)
 Metaspace       used 53857K, committed 54464K, reserved 1114112K
  class space    used 6902K, committed 7168K, reserved 1048576K
}
Event: 7.100 GC heap after
{Heap after GC invocations=14 (full 0):
 garbage-first heap   total 55296K, used 24608K [0x0000000082c00000, 0x0000000100000000)
  region size 1024K, 3 young (3072K), 3 survivors (3072K)
 Metaspace       used 53857K, committed 54464K, reserved 1114112K
  class space    used 6902K, committed 7168K, reserved 1048576K
}
Event: 7.470 GC heap before
{Heap before GC invocations=14 (full 0):
 garbage-first heap   total 55296K, used 43040K [0x0000000082c00000, 0x0000000100000000)
  region size 1024K, 21 young (21504K), 3 survivors (3072K)
 Metaspace       used 55695K, committed 56256K, reserved 1114112K
  class space    used 7159K, committed 7424K, reserved 1048576K
}
Event: 7.472 GC heap after
{Heap after GC invocations=15 (full 0):
 garbage-first heap   total 55296K, used 25118K [0x0000000082c00000, 0x0000000100000000)
  region size 1024K, 2 young (2048K), 2 survivors (2048K)
 Metaspace       used 55695K, committed 56256K, reserved 1114112K
  class space    used 7159K, committed 7424K, reserved 1048576K
}
Event: 7.780 GC heap before
{Heap before GC invocations=15 (full 0):
 garbage-first heap   total 55296K, used 43550K [0x0000000082c00000, 0x0000000100000000)
  region size 1024K, 20 young (20480K), 2 survivors (2048K)
 Metaspace       used 57643K, committed 58240K, reserved 1114112K
  class space    used 7419K, committed 7680K, reserved 1048576K
}
Event: 7.782 GC heap after
{Heap after GC invocations=16 (full 0):
 garbage-first heap   total 55296K, used 25535K [0x0000000082c00000, 0x0000000100000000)
  region size 1024K, 2 young (2048K), 2 survivors (2048K)
 Metaspace       used 57643K, committed 58240K, reserved 1114112K
  class space    used 7419K, committed 7680K, reserved 1048576K
}
Event: 8.016 GC heap before
{Heap before GC invocations=16 (full 0):
 garbage-first heap   total 55296K, used 33727K [0x0000000082c00000, 0x0000000100000000)
  region size 1024K, 11 young (11264K), 2 survivors (2048K)
 Metaspace       used 59742K, committed 60288K, reserved 1114112K
  class space    used 7714K, committed 8000K, reserved 1048576K
}
Event: 8.020 GC heap after
{Heap after GC invocations=17 (full 0):
 garbage-first heap   total 55296K, used 26431K [0x0000000082c00000, 0x0000000100000000)
  region size 1024K, 2 young (2048K), 2 survivors (2048K)
 Metaspace       used 59742K, committed 60288K, reserved 1114112K
  class space    used 7714K, committed 8000K, reserved 1048576K
}
Event: 8.645 GC heap before
{Heap before GC invocations=18 (full 0):
 garbage-first heap   total 55296K, used 44863K [0x0000000082c00000, 0x0000000100000000)
  region size 1024K, 20 young (20480K), 2 survivors (2048K)
 Metaspace       used 63006K, committed 63680K, reserved 1114112K
  class space    used 8142K, committed 8448K, reserved 1048576K
}
Event: 8.650 GC heap after
{Heap after GC invocations=19 (full 0):
 garbage-first heap   total 55296K, used 27811K [0x0000000082c00000, 0x0000000100000000)
  region size 1024K, 3 young (3072K), 3 survivors (3072K)
 Metaspace       used 63006K, committed 63680K, reserved 1114112K
  class space    used 8142K, committed 8448K, reserved 1048576K
}
Event: 9.036 GC heap before
{Heap before GC invocations=19 (full 0):
 garbage-first heap   total 55296K, used 44195K [0x0000000082c00000, 0x0000000100000000)
  region size 1024K, 19 young (19456K), 3 survivors (3072K)
 Metaspace       used 65788K, committed 66368K, reserved 1114112K
  class space    used 8588K, committed 8832K, reserved 1048576K
}
Event: 9.040 GC heap after
{Heap after GC invocations=20 (full 0):
 garbage-first heap   total 55296K, used 29487K [0x0000000082c00000, 0x0000000100000000)
  region size 1024K, 3 young (3072K), 3 survivors (3072K)
 Metaspace       used 65788K, committed 66368K, reserved 1114112K
  class space    used 8588K, committed 8832K, reserved 1048576K
}
Event: 9.254 GC heap before
{Heap before GC invocations=21 (full 0):
 garbage-first heap   total 55296K, used 43823K [0x0000000082c00000, 0x0000000100000000)
  region size 1024K, 18 young (18432K), 3 survivors (3072K)
 Metaspace       used 67619K, committed 68288K, reserved 1114112K
  class space    used 8981K, committed 9280K, reserved 1048576K
}
Event: 9.257 GC heap after
{Heap after GC invocations=22 (full 0):
 garbage-first heap   total 55296K, used 31197K [0x0000000082c00000, 0x0000000100000000)
  region size 1024K, 2 young (2048K), 2 survivors (2048K)
 Metaspace       used 67619K, committed 68288K, reserved 1114112K
  class space    used 8981K, committed 9280K, reserved 1048576K
}
Event: 9.264 GC heap before
{Heap before GC invocations=22 (full 0):
 garbage-first heap   total 55296K, used 32221K [0x0000000082c00000, 0x0000000100000000)
  region size 1024K, 3 young (3072K), 2 survivors (2048K)
 Metaspace       used 67622K, committed 68288K, reserved 1114112K
  class space    used 8981K, committed 9280K, reserved 1048576K
}
Event: 9.267 GC heap after
{Heap after GC invocations=23 (full 0):
 garbage-first heap   total 55296K, used 31346K [0x0000000082c00000, 0x0000000100000000)
  region size 1024K, 1 young (1024K), 1 survivors (1024K)
 Metaspace       used 67622K, committed 68288K, reserved 1114112K
  class space    used 8981K, committed 9280K, reserved 1048576K
}
Event: 9.382 GC heap before
{Heap before GC invocations=23 (full 0):
 garbage-first heap   total 55296K, used 42610K [0x0000000082c00000, 0x0000000100000000)
  region size 1024K, 13 young (13312K), 1 survivors (1024K)
 Metaspace       used 68947K, committed 69568K, reserved 1114112K
  class space    used 9147K, committed 9408K, reserved 1048576K
}
Event: 9.383 GC heap after
{Heap after GC invocations=24 (full 0):
 garbage-first heap   total 55296K, used 31578K [0x0000000082c00000, 0x0000000100000000)
  region size 1024K, 1 young (1024K), 1 survivors (1024K)
 Metaspace       used 68947K, committed 69568K, reserved 1114112K
  class space    used 9147K, committed 9408K, reserved 1048576K
}
Event: 9.483 GC heap before
{Heap before GC invocations=25 (full 0):
 garbage-first heap   total 58368K, used 44890K [0x0000000082c00000, 0x0000000100000000)
  region size 1024K, 14 young (14336K), 1 survivors (1024K)
 Metaspace       used 69182K, committed 69760K, reserved 1114112K
  class space    used 9166K, committed 9408K, reserved 1048576K
}
Event: 9.485 GC heap after
{Heap after GC invocations=26 (full 0):
 garbage-first heap   total 58368K, used 33100K [0x0000000082c00000, 0x0000000100000000)
  region size 1024K, 2 young (2048K), 2 survivors (2048K)
 Metaspace       used 69182K, committed 69760K, reserved 1114112K
  class space    used 9166K, committed 9408K, reserved 1048576K
}

Dll operation events (11 events):
Event: 0.011 Loaded shared library C:\Program Files\Java\jdk-19\bin\java.dll
Event: 0.025 Loaded shared library C:\Program Files\Java\jdk-19\bin\jsvml.dll
Event: 0.121 Loaded shared library C:\Program Files\Java\jdk-19\bin\net.dll
Event: 0.122 Loaded shared library C:\Program Files\Java\jdk-19\bin\nio.dll
Event: 0.126 Loaded shared library C:\Program Files\Java\jdk-19\bin\zip.dll
Event: 0.218 Loaded shared library C:\Program Files\Java\jdk-19\bin\jimage.dll
Event: 0.561 Loaded shared library C:\Program Files\Java\jdk-19\bin\management.dll
Event: 0.564 Loaded shared library C:\Program Files\Java\jdk-19\bin\management_ext.dll
Event: 1.593 Loaded shared library C:\Program Files\Java\jdk-19\bin\sunmscapi.dll
Event: 4.966 Loaded shared library C:\Program Files\Java\jdk-19\bin\verify.dll
Event: 5.401 Loaded shared library C:\Program Files\Java\jdk-19\bin\extnet.dll

Deoptimization events (20 events):
Event: 9.538 Thread 0x0000016921a647e0 DEOPT PACKING pc=0x000001690fceaff4 sp=0x0000000d9aefc580
Event: 9.538 Thread 0x0000016921a647e0 DEOPT UNPACKING pc=0x000001690f426da3 sp=0x0000000d9aefc550 mode 2
Event: 9.538 Thread 0x0000016921a647e0 Uncommon trap: trap_request=0xffffffbe fr.pc=0x000001690fceaff4 relative=0x0000000000001d54
Event: 9.538 Thread 0x0000016921a647e0 Uncommon trap: reason=profile_predicate action=maybe_recompile pc=0x000001690fceaff4 method=org.antlr.v4.runtime.atn.PredictionContext.getCachedContext(Lorg/antlr/v4/runtime/atn/PredictionContext;Lorg/antlr/v4/runtime/atn/PredictionContextCache;Ljava/util
Event: 9.538 Thread 0x0000016921a647e0 DEOPT PACKING pc=0x000001690fceaff4 sp=0x0000000d9aefc630
Event: 9.538 Thread 0x0000016921a647e0 DEOPT UNPACKING pc=0x000001690f426da3 sp=0x0000000d9aefc600 mode 2
Event: 9.576 Thread 0x0000016921a647e0 Uncommon trap: trap_request=0xffffffc6 fr.pc=0x000001690fa3f428 relative=0x0000000000001ac8
Event: 9.576 Thread 0x0000016921a647e0 Uncommon trap: reason=bimorphic_or_optimized_type_check action=maybe_recompile pc=0x000001690fa3f428 method=java.util.stream.StreamSpliterators$AbstractWrappingSpliterator.doAdvance()Z @ 37 c2
Event: 9.576 Thread 0x0000016921a647e0 DEOPT PACKING pc=0x000001690fa3f428 sp=0x0000000d9aefc890
Event: 9.576 Thread 0x0000016921a647e0 DEOPT UNPACKING pc=0x000001690f426da3 sp=0x0000000d9aefc808 mode 2
Event: 9.630 Thread 0x0000016921a647e0 DEOPT PACKING pc=0x0000016908398e4b sp=0x0000000d9aefb860
Event: 9.630 Thread 0x0000016921a647e0 DEOPT UNPACKING pc=0x000001690f427543 sp=0x0000000d9aefad70 mode 0
Event: 9.668 Thread 0x0000016921a647e0 Uncommon trap: trap_request=0xffffffc6 fr.pc=0x000001690fbf6ed4 relative=0x0000000000000314
Event: 9.668 Thread 0x0000016921a647e0 Uncommon trap: reason=bimorphic_or_optimized_type_check action=maybe_recompile pc=0x000001690fbf6ed4 method=java.util.regex.Pattern$SliceI.match(Ljava/util/regex/Matcher;ILjava/lang/CharSequence;)Z @ 92 c2
Event: 9.668 Thread 0x0000016921a647e0 DEOPT PACKING pc=0x000001690fbf6ed4 sp=0x0000000d9aefc700
Event: 9.668 Thread 0x0000016921a647e0 DEOPT UNPACKING pc=0x000001690f426da3 sp=0x0000000d9aefc688 mode 2
Event: 9.669 Thread 0x0000016921a647e0 Uncommon trap: trap_request=0xffffffc6 fr.pc=0x000001690fbf6ed4 relative=0x0000000000000314
Event: 9.669 Thread 0x0000016921a647e0 Uncommon trap: reason=bimorphic_or_optimized_type_check action=maybe_recompile pc=0x000001690fbf6ed4 method=java.util.regex.Pattern$SliceI.match(Ljava/util/regex/Matcher;ILjava/lang/CharSequence;)Z @ 92 c2
Event: 9.669 Thread 0x0000016921a647e0 DEOPT PACKING pc=0x000001690fbf6ed4 sp=0x0000000d9aefc560
Event: 9.669 Thread 0x0000016921a647e0 DEOPT UNPACKING pc=0x000001690f426da3 sp=0x0000000d9aefc4e8 mode 2

Classes loaded (20 events):
Event: 8.843 Loading class jdk/internal/reflect/ClassDefiner$1
Event: 8.843 Loading class jdk/internal/reflect/ClassDefiner$1 done
Event: 8.844 Loading class jdk/internal/reflect/SerializationConstructorAccessorImpl
Event: 8.844 Loading class jdk/internal/reflect/SerializationConstructorAccessorImpl done
Event: 8.863 Loading class java/util/stream/SortedOps$SizedRefSortingSink
Event: 8.863 Loading class java/util/stream/SortedOps$SizedRefSortingSink done
Event: 8.874 Loading class javax/net/ssl/SSLException
Event: 8.875 Loading class javax/net/ssl/SSLException done
Event: 8.884 Loading class java/nio/channels/CompletionHandler
Event: 8.884 Loading class java/nio/channels/CompletionHandler done
Event: 8.907 Loading class jdk/internal/event/ThreadSleepEvent
Event: 8.907 Loading class jdk/internal/event/ThreadSleepEvent done
Event: 8.933 Loading class java/util/WeakHashMap$KeyIterator
Event: 8.933 Loading class java/util/WeakHashMap$HashIterator
Event: 8.933 Loading class java/util/WeakHashMap$HashIterator done
Event: 8.933 Loading class java/util/WeakHashMap$KeyIterator done
Event: 8.934 Loading class java/util/WeakHashMap$EntrySet
Event: 8.934 Loading class java/util/WeakHashMap$EntrySet done
Event: 8.934 Loading class java/util/WeakHashMap$EntryIterator
Event: 8.934 Loading class java/util/WeakHashMap$EntryIterator done

Classes unloaded (1 events):
Event: 9.410 Thread 0x000001697f69cbe0 Unloading class 0x0000000801860400 'jdk/internal/reflect/GeneratedSerializationConstructorAccessor1'

Classes redefined (0 events):
No events

Internal exceptions (20 events):
Event: 7.848 Thread 0x0000016921a647e0 Exception <a 'java/lang/NoSuchMethodError'{0x0000000086f97208}: 'int java.lang.invoke.DirectMethodHandle$Holder.invokeStatic(java.lang.Object, int, java.lang.Object)'> (0x0000000086f97208) 
thrown [s\open\src\hotspot\share\interpreter\linkResolver.cpp, line 774]
Event: 7.851 Thread 0x0000016921a647e0 Exception <a 'java/lang/NoSuchMethodError'{0x0000000086fb3d60}: 'java.lang.Object java.lang.invoke.DirectMethodHandle$Holder.newInvokeSpecial(java.lang.Object, java.lang.Object, java.lang.Object, java.lang.Object, java.lang.Object, int, java.lang.Object)'> (0x0000000086fb3d60) 
thrown [s\open\src\hotspot\share\interpreter\linkResolver.cpp, line 774]
Event: 7.855 Thread 0x0000016921a647e0 Exception <a 'java/lang/NoSuchMethodError'{0x0000000086febe60}: 'java.lang.Object java.lang.invoke.DirectMethodHandle$Holder.newInvokeSpecial(java.lang.Object, java.lang.Object, java.lang.Object, java.lang.Object, java.lang.Object, java.lang.Object, java.lang.Object, java.lang.Object, java.lang.Object, java.lang.Object, java.lang.Object, java.lang.Object)'> (0x0000000086febe60) 
thrown [s\open\src\hotspot\share\interpreter\linkResolver.cpp, line 774]
Event: 7.855 Thread 0x0000016921a647e0 Exception <a 'java/lang/NoSuchMethodError'{0x0000000086ff11b0}: 'java.lang.Object java.lang.invoke.DirectMethodHandle$Holder.invokeSpecial(java.lang.Object, java.lang.Object, java.lang.Object, java.lang.Object, java.lang.Object, java.lang.Object, java.lang.Object, java.lang.Object, java.lang.Object, java.lang.Object, java.lang.Object, java.lang.Object, java.lang.Object)'> (0x0000000086ff11b0) 
thrown [s\open\src\hotspot\share\interpreter\linkResolver.cpp, line 774]
Event: 7.855 Thread 0x0000016921a647e0 Exception <a 'java/lang/NoSuchMethodError'{0x0000000086ff6128}: 'java.lang.Object java.lang.invoke.Invokers$Holder.linkToTargetMethod(java.lang.Object, java.lang.Object, java.lang.Object, java.lang.Object, java.lang.Object, java.lang.Object, java.lang.Object, java.lang.Object, java.lang.Object, java.lang.Object, java.lang.Object, java.lang.Object)'> (0x0000000086ff6128) 
thrown [s\open\src\hotspot\share\interpreter\linkResolver.cpp, line 774]
Event: 7.879 Thread 0x0000016921a647e0 Exception <a 'java/lang/IncompatibleClassChangeError'{0x0000000086ee67b0}: Found class java.lang.Object, but interface was expected> (0x0000000086ee67b0) 
thrown [s\open\src\hotspot\share\interpreter\linkResolver.cpp, line 841]
Event: 7.916 Thread 0x0000016921a647e0 Exception <a 'java/lang/NoSuchMethodError'{0x0000000086c53cc0}: 'java.lang.Object java.lang.invoke.DirectMethodHandle$Holder.newInvokeSpecial(java.lang.Object, java.lang.Object, int, java.lang.Object, int, java.lang.Object, java.lang.Object)'> (0x0000000086c53cc0) 
thrown [s\open\src\hotspot\share\interpreter\linkResolver.cpp, line 774]
Event: 7.930 Thread 0x0000016921a647e0 Exception <a 'java/lang/NoSuchMethodError'{0x0000000086ce0a00}: 'java.lang.Object java.lang.invoke.DirectMethodHandle$Holder.newInvokeSpecial(java.lang.Object, java.lang.Object, java.lang.Object, java.lang.Object, java.lang.Object, java.lang.Object, java.lang.Object, int)'> (0x0000000086ce0a00) 
thrown [s\open\src\hotspot\share\interpreter\linkResolver.cpp, line 774]
Event: 7.931 Thread 0x0000016921a647e0 Exception <a 'java/lang/NoSuchMethodError'{0x0000000086ce6220}: 'java.lang.Object java.lang.invoke.DirectMethodHandle$Holder.invokeSpecial(java.lang.Object, java.lang.Object, java.lang.Object, java.lang.Object, java.lang.Object, java.lang.Object, java.lang.Object, java.lang.Object, int)'> (0x0000000086ce6220) 
thrown [s\open\src\hotspot\share\interpreter\linkResolver.cpp, line 774]
Event: 7.931 Thread 0x0000016921a647e0 Exception <a 'java/lang/NoSuchMethodError'{0x0000000086ceb508}: 'java.lang.Object java.lang.invoke.Invokers$Holder.linkToTargetMethod(java.lang.Object, java.lang.Object, java.lang.Object, java.lang.Object, java.lang.Object, java.lang.Object, int, java.lang.Object)'> (0x0000000086ceb508) 
thrown [s\open\src\hotspot\share\interpreter\linkResolver.cpp, line 774]
Event: 7.992 Thread 0x0000016921a647e0 Exception <a 'java/lang/NoSuchMethodError'{0x0000000086a88370}: 'void java.lang.invoke.DirectMethodHandle$Holder.invokeInterface(java.lang.Object, java.lang.Object)'> (0x0000000086a88370) 
thrown [s\open\src\hotspot\share\interpreter\linkResolver.cpp, line 774]
Event: 8.447 Thread 0x0000016921a647e0 Exception <a 'java/lang/IncompatibleClassChangeError'{0x000000008564a508}: Found class java.lang.Object, but interface was expected> (0x000000008564a508) 
thrown [s\open\src\hotspot\share\interpreter\linkResolver.cpp, line 841]
Event: 8.457 Thread 0x0000016921a647e0 Exception <a 'java/lang/IncompatibleClassChangeError'{0x00000000856cdce8}: Found class java.lang.Object, but interface was expected> (0x00000000856cdce8) 
thrown [s\open\src\hotspot\share\interpreter\linkResolver.cpp, line 841]
Event: 8.477 Thread 0x0000016921a647e0 Implicit null exception at 0x000001690fa7de60 to 0x000001690fa7e070
Event: 8.488 Thread 0x0000016921a647e0 Exception <a 'java/lang/IncompatibleClassChangeError'{0x0000000085436c68}: Found class java.lang.Object, but interface was expected> (0x0000000085436c68) 
thrown [s\open\src\hotspot\share\interpreter\linkResolver.cpp, line 841]
Event: 8.638 Thread 0x0000016921a647e0 Exception <a 'java/lang/IncompatibleClassChangeError'{0x0000000084e7cf00}: Found class java.lang.Object, but interface was expected> (0x0000000084e7cf00) 
thrown [s\open\src\hotspot\share\interpreter\linkResolver.cpp, line 841]
Event: 8.727 Thread 0x0000016921a647e0 Exception <a 'java/lang/IncompatibleClassChangeError'{0x0000000086f6cfc0}: Found class java.lang.Object, but interface was expected> (0x0000000086f6cfc0) 
thrown [s\open\src\hotspot\share\interpreter\linkResolver.cpp, line 841]
Event: 8.772 Thread 0x0000016921a647e0 Exception <a 'java/lang/NoSuchMethodError'{0x0000000086d0a908}: 'java.lang.Object java.lang.invoke.DirectMethodHandle$Holder.invokeStatic(java.lang.Object, int, java.lang.Object)'> (0x0000000086d0a908) 
thrown [s\open\src\hotspot\share\interpreter\linkResolver.cpp, line 774]
Event: 8.885 Thread 0x0000016921a647e0 Exception <a 'java/lang/NoSuchMethodError'{0x0000000085986c48}: 'long java.lang.invoke.DirectMethodHandle$Holder.invokeVirtual(java.lang.Object, java.lang.Object)'> (0x0000000085986c48) 
thrown [s\open\src\hotspot\share\interpreter\linkResolver.cpp, line 774]
Event: 8.889 Thread 0x0000016921a647e0 Exception <a 'java/io/FileNotFoundException'{0x00000000859b0ec0}> (0x00000000859b0ec0) 
thrown [s\open\src\hotspot\share\prims\jni.cpp, line 517]

VM Operations (20 events):
Event: 9.076 Executing VM operation: G1PauseCleanup
Event: 9.076 Executing VM operation: G1PauseCleanup done
Event: 9.094 Executing VM operation: HandshakeAllThreads
Event: 9.094 Executing VM operation: HandshakeAllThreads done
Event: 9.254 Executing VM operation: G1CollectForAllocation
Event: 9.258 Executing VM operation: G1CollectForAllocation done
Event: 9.264 Executing VM operation: G1CollectForAllocation
Event: 9.267 Executing VM operation: G1CollectForAllocation done
Event: 9.301 Executing VM operation: HandshakeAllThreads
Event: 9.301 Executing VM operation: HandshakeAllThreads done
Event: 9.325 Executing VM operation: HandshakeAllThreads
Event: 9.325 Executing VM operation: HandshakeAllThreads done
Event: 9.382 Executing VM operation: G1CollectForAllocation
Event: 9.383 Executing VM operation: G1CollectForAllocation done
Event: 9.410 Executing VM operation: G1PauseRemark
Event: 9.418 Executing VM operation: G1PauseRemark done
Event: 9.428 Executing VM operation: G1PauseCleanup
Event: 9.429 Executing VM operation: G1PauseCleanup done
Event: 9.483 Executing VM operation: G1CollectForAllocation
Event: 9.485 Executing VM operation: G1CollectForAllocation done

Events (20 events):
Event: 7.446 Thread 0x000001697f6d9300 flushing nmethod 0x0000016908a22390
Event: 7.446 Thread 0x000001697f6d9300 flushing nmethod 0x0000016908a23410
Event: 7.446 Thread 0x000001697f6d9300 flushing nmethod 0x0000016908a23e10
Event: 7.446 Thread 0x000001697f6d9300 flushing nmethod 0x0000016908a24190
Event: 7.446 Thread 0x000001697f6d9300 flushing nmethod 0x0000016908a24c90
Event: 7.446 Thread 0x000001697f6d9300 flushing nmethod 0x0000016908a27610
Event: 7.446 Thread 0x000001697f6d9300 flushing nmethod 0x0000016908a27a90
Event: 7.446 Thread 0x000001697f6d9300 flushing nmethod 0x0000016908a2a910
Event: 7.446 Thread 0x000001697f6d9300 flushing nmethod 0x0000016908a2e490
Event: 7.446 Thread 0x000001697f6d9300 flushing nmethod 0x0000016908a33b90
Event: 7.446 Thread 0x000001697f6d9300 flushing nmethod 0x0000016908a3c490
Event: 7.446 Thread 0x000001697f6d9300 flushing nmethod 0x0000016908a45e10
Event: 7.446 Thread 0x000001697f6d9300 flushing nmethod 0x0000016908a51190
Event: 7.446 Thread 0x000001697f6d9300 flushing nmethod 0x0000016908aa2110
Event: 7.446 Thread 0x000001697f6d9300 flushing nmethod 0x0000016908aecb90
Event: 7.874 Thread 0x0000016924cd6580 Thread exited: 0x0000016924cd6580
Event: 8.181 Thread 0x0000016922643820 Thread added: 0x0000016922643820
Event: 8.900 Thread 0x0000016922d5e930 Thread added: 0x0000016922d5e930
Event: 8.901 Thread 0x0000016922d5ee80 Thread added: 0x0000016922d5ee80
Event: 8.906 Thread 0x0000016922d60910 Thread added: 0x0000016922d60910


Dynamic libraries:
0x00007ff7497e0000 - 0x00007ff7497f0000 	C:\Program Files\Java\jdk-19\bin\javaw.exe
0x00007ff9fdf10000 - 0x00007ff9fe127000 	C:\WINDOWS\SYSTEM32\ntdll.dll
0x00007ff9fc6c0000 - 0x00007ff9fc784000 	C:\WINDOWS\System32\KERNEL32.DLL
0x00007ff9fb420000 - 0x00007ff9fb7d7000 	C:\WINDOWS\System32\KERNELBASE.dll
0x00007ff9fbb20000 - 0x00007ff9fbc31000 	C:\WINDOWS\System32\ucrtbase.dll
0x00007ff9e2b60000 - 0x00007ff9e2b78000 	C:\Program Files\Java\jdk-19\bin\jli.dll
0x00007ff9fdd60000 - 0x00007ff9fde12000 	C:\WINDOWS\System32\ADVAPI32.dll
0x00007ff9f5e20000 - 0x00007ff9f5e3b000 	C:\Program Files\Java\jdk-19\bin\VCRUNTIME140.dll
0x00007ff9fd6a0000 - 0x00007ff9fd747000 	C:\WINDOWS\System32\msvcrt.dll
0x00007ff9fde20000 - 0x00007ff9fdec8000 	C:\WINDOWS\System32\sechost.dll
0x00007ff9fb220000 - 0x00007ff9fb248000 	C:\WINDOWS\System32\bcrypt.dll
0x00007ff9fc3b0000 - 0x00007ff9fc4c4000 	C:\WINDOWS\System32\RPCRT4.dll
0x00007ff9fd990000 - 0x00007ff9fdb3f000 	C:\WINDOWS\System32\USER32.dll
0x00007ff9fb370000 - 0x00007ff9fb396000 	C:\WINDOWS\System32\win32u.dll
0x00007ff9d8c00000 - 0x00007ff9d8e93000 	C:\WINDOWS\WinSxS\amd64_microsoft.windows.common-controls_6595b64144ccf1df_6.0.22621.3672_none_2713b9d173822955\COMCTL32.dll
0x00007ff9fd8b0000 - 0x00007ff9fd8d9000 	C:\WINDOWS\System32\GDI32.dll
0x00007ff9fb250000 - 0x00007ff9fb368000 	C:\WINDOWS\System32\gdi32full.dll
0x00007ff9fba10000 - 0x00007ff9fbaaa000 	C:\WINDOWS\System32\msvcp_win.dll
0x00007ff9f6e90000 - 0x00007ff9f6e9a000 	C:\WINDOWS\SYSTEM32\VERSION.dll
0x00007ff9fdc20000 - 0x00007ff9fdc51000 	C:\WINDOWS\System32\IMM32.DLL
0x00007ff9f5ef0000 - 0x00007ff9f5efc000 	C:\Program Files\Java\jdk-19\bin\vcruntime140_1.dll
0x00007ff9d56c0000 - 0x00007ff9d574e000 	C:\Program Files\Java\jdk-19\bin\msvcp140.dll
0x00007ff97c6c0000 - 0x00007ff97d380000 	C:\Program Files\Java\jdk-19\bin\server\jvm.dll
0x00007ff9e0e30000 - 0x00007ff9e0e39000 	C:\WINDOWS\SYSTEM32\WSOCK32.dll
0x00007ff9e7fe0000 - 0x00007ff9e8014000 	C:\WINDOWS\SYSTEM32\WINMM.dll
0x00007ff9fbd00000 - 0x00007ff9fbd71000 	C:\WINDOWS\System32\WS2_32.dll
0x00007ff9fa320000 - 0x00007ff9fa338000 	C:\WINDOWS\SYSTEM32\kernel.appcore.dll
0x00007ff9f5ed0000 - 0x00007ff9f5eda000 	C:\Program Files\Java\jdk-19\bin\jimage.dll
0x00007ff9e75b0000 - 0x00007ff9e77e2000 	C:\WINDOWS\SYSTEM32\DBGHELP.DLL
0x00007ff9fd290000 - 0x00007ff9fd61e000 	C:\WINDOWS\System32\combase.dll
0x00007ff9fc5e0000 - 0x00007ff9fc6b7000 	C:\WINDOWS\System32\OLEAUT32.dll
0x00007ff9e29e0000 - 0x00007ff9e2a12000 	C:\WINDOWS\SYSTEM32\dbgcore.DLL
0x00007ff9fb3a0000 - 0x00007ff9fb41b000 	C:\WINDOWS\System32\bcryptPrimitives.dll
0x00007ff9dc9c0000 - 0x00007ff9dc9e6000 	C:\Program Files\Java\jdk-19\bin\java.dll
0x00007ff9d17f0000 - 0x00007ff9d18c7000 	C:\Program Files\Java\jdk-19\bin\jsvml.dll
0x00007ff9fca20000 - 0x00007ff9fd289000 	C:\WINDOWS\System32\SHELL32.dll
0x00007ff9f9150000 - 0x00007ff9f9a4f000 	C:\WINDOWS\SYSTEM32\windows.storage.dll
0x00007ff9f9010000 - 0x00007ff9f914f000 	C:\WINDOWS\SYSTEM32\wintypes.dll
0x00007ff9fc4e0000 - 0x00007ff9fc5d9000 	C:\WINDOWS\System32\SHCORE.dll
0x00007ff9fd640000 - 0x00007ff9fd69e000 	C:\WINDOWS\System32\shlwapi.dll
0x00007ff9fb150000 - 0x00007ff9fb177000 	C:\WINDOWS\SYSTEM32\profapi.dll
0x00007ff9dd4a0000 - 0x00007ff9dd4b3000 	C:\Program Files\Java\jdk-19\bin\net.dll
0x00007ff9f6c60000 - 0x00007ff9f6d96000 	C:\WINDOWS\SYSTEM32\WINHTTP.dll
0x00007ff9fa780000 - 0x00007ff9fa7e9000 	C:\WINDOWS\system32\mswsock.dll
0x00007ff9dc860000 - 0x00007ff9dc876000 	C:\Program Files\Java\jdk-19\bin\nio.dll
0x00007ff9dc4b0000 - 0x00007ff9dc4c8000 	C:\Program Files\Java\jdk-19\bin\zip.dll
0x00007ff9e6870000 - 0x00007ff9e687a000 	C:\Program Files\Java\jdk-19\bin\management.dll
0x00007ff9e2bd0000 - 0x00007ff9e2bdb000 	C:\Program Files\Java\jdk-19\bin\management_ext.dll
0x00007ff9fd630000 - 0x00007ff9fd638000 	C:\WINDOWS\System32\PSAPI.DLL
0x00007ff9e2b50000 - 0x00007ff9e2b5e000 	C:\Program Files\Java\jdk-19\bin\sunmscapi.dll
0x00007ff9fb7e0000 - 0x00007ff9fb946000 	C:\WINDOWS\System32\CRYPT32.dll
0x00007ff9fabc0000 - 0x00007ff9fabed000 	C:\WINDOWS\SYSTEM32\ncrypt.dll
0x00007ff9fab80000 - 0x00007ff9fabb7000 	C:\WINDOWS\SYSTEM32\NTASN1.dll
0x00007ff9faa20000 - 0x00007ff9faa3b000 	C:\WINDOWS\SYSTEM32\CRYPTSP.dll
0x00007ff9fa280000 - 0x00007ff9fa2b5000 	C:\WINDOWS\system32\rsaenh.dll
0x00007ff9fa820000 - 0x00007ff9fa848000 	C:\WINDOWS\SYSTEM32\USERENV.dll
0x00007ff9fa980000 - 0x00007ff9fa98c000 	C:\WINDOWS\SYSTEM32\CRYPTBASE.dll
0x00007ff9f9d20000 - 0x00007ff9f9d4d000 	C:\WINDOWS\SYSTEM32\IPHLPAPI.DLL
0x00007ff9fd620000 - 0x00007ff9fd629000 	C:\WINDOWS\System32\NSI.dll
0x00007ff9f6dc0000 - 0x00007ff9f6dd9000 	C:\WINDOWS\SYSTEM32\dhcpcsvc6.DLL
0x00007ff9f6da0000 - 0x00007ff9f6dbf000 	C:\WINDOWS\SYSTEM32\dhcpcsvc.DLL
0x00007ff9f9d90000 - 0x00007ff9f9e92000 	C:\WINDOWS\SYSTEM32\DNSAPI.dll
0x00007ff9e6b00000 - 0x00007ff9e6b10000 	C:\Program Files\Java\jdk-19\bin\verify.dll
0x00007ff9f62b0000 - 0x00007ff9f62ba000 	C:\Windows\System32\rasadhlp.dll
0x00007ff9f60b0000 - 0x00007ff9f6133000 	C:\WINDOWS\System32\fwpuclnt.dll
0x00007ff9e0db0000 - 0x00007ff9e0db8000 	C:\Program Files\Java\jdk-19\bin\extnet.dll

dbghelp: loaded successfully - version: 4.0.5 - missing functions: none
symbol engine: initialized successfully - sym options: 0x614 - pdb path: .;C:\Program Files\Java\jdk-19\bin;C:\WINDOWS\SYSTEM32;C:\WINDOWS\WinSxS\amd64_microsoft.windows.common-controls_6595b64144ccf1df_6.0.22621.3672_none_2713b9d173822955;C:\Program Files\Java\jdk-19\bin\server

VM Arguments:
jvm_args: -Dfile.encoding=UTF-8 -Dstdout.encoding=UTF-8 -Dstderr.encoding=UTF-8 -XX:+ShowCodeDetailsInExceptionMessages 
java_command: com.hcmus.site.MyShopFrontendApplication
java_class_path (initial): F:\HK2_Nam3\JavaUdemyCourse\EcommerceWebsite\EcommerceShop\MyShopWebParent\MyShopFrontend\target\classes;C:\Users\Admin\.m2\repository\org\springframework\boot\spring-boot-devtools\3.2.5\spring-boot-devtools-3.2.5.jar;C:\Users\Admin\.m2\repository\org\springframework\boot\spring-boot\3.2.5\spring-boot-3.2.5.jar;C:\Users\Admin\.m2\repository\org\springframework\spring-context\6.1.6\spring-context-6.1.6.jar;C:\Users\Admin\.m2\repository\org\springframework\boot\spring-boot-autoconfigure\3.2.5\spring-boot-autoconfigure-3.2.5.jar;C:\Users\Admin\.m2\repository\org\springframework\boot\spring-boot-starter-mail\3.2.5\spring-boot-starter-mail-3.2.5.jar;C:\Users\Admin\.m2\repository\org\springframework\boot\spring-boot-starter\3.2.5\spring-boot-starter-3.2.5.jar;C:\Users\Admin\.m2\repository\org\springframework\boot\spring-boot-starter-logging\3.2.5\spring-boot-starter-logging-3.2.5.jar;C:\Users\Admin\.m2\repository\ch\qos\logback\logback-classic\1.4.14\logback-classic-1.4.14.jar;C:\Users\Admin\.m2\repository\ch\qos\logback\logback-core\1.4.14\logback-core-1.4.14.jar;C:\Users\Admin\.m2\repository\org\apache\logging\log4j\log4j-to-slf4j\2.21.1\log4j-to-slf4j-2.21.1.jar;C:\Users\Admin\.m2\repository\org\apache\logging\log4j\log4j-api\2.21.1\log4j-api-2.21.1.jar;C:\Users\Admin\.m2\repository\org\slf4j\jul-to-slf4j\2.0.13\jul-to-slf4j-2.0.13.jar;C:\Users\Admin\.m2\repository\jakarta\annotation\jakarta.annotation-api\2.1.1\jakarta.annotation-api-2.1.1.jar;C:\Users\Admin\.m2\repository\org\yaml\snakeyaml\2.2\snakeyaml-2.2.jar;C:\Users\Admin\.m2\repository\org\springframework\spring-context-support\6.1.6\spring-context-support-6.1.6.jar;C:\Users\Admin\.m2\repository\org\springframework\spring-beans\6.1.6\spring-beans-6.1.6.jar;C:\Users\Admin\.m2\repository\org\eclipse\angus\jakarta.mail\2.0.3\jakarta.mail-2.0.3.jar;C:\Users\Admin\.m2\repository\jakarta\activation\jakarta.activation-api\2.1.3\jakarta.activation-api-2.1.3.jar;C:\Users\Admin\.m2\repository\org\eclipse\angus\angus-activation\2.0.2\angus-activation-2.0.2.jar;C:\Users\Admin\.m2\repository\org\springframework\boot\spring-boot-starter-oauth2-client\3.2.5\spring-boot-starter-oauth2-client-3.2.5.jar;C:\Users\Admin\.m2\repository\org\springframework\security\spring-security-config\6.2.4\spring-security-config-6.2.4.jar;C:\Users\Admin\.m2\repository\org\springframework\security\spring-security-core\6.2.4\spring-security-core-6.2.4.jar;C:\Users\Admin\.m2\repository\org\springframework\security\spring-security-crypto\6.2.4\spring-security-crypto-6.2.4.jar;C:\Users\Admin\.m2\repository\org\springframework\spring-expression\6.1.6\spring-expression-6.1.6.jar;C:\Users\Admin\.m2\repository\io\micrometer\micrometer-observation\1.12.5\micrometer-observation-1.12.5.jar;C:\Users\Admin\.m2\repository\io\micrometer\micrometer-commons\1.12.5\micrometer-commons-1.12.5.jar;C:\Users\Admin\.m2\repository\org\springframework\security\spring-security-oauth2-client\6.2.4\spring-security-oauth2-client-6.2.4.jar;C:\Users\Admin\.m2\repository\org\springframework\security\spring-security-oauth2-core\6.2.4\spring-security-oauth2-core-6.2.4.jar;C:\Users\Admin\.m2\repository\com\nimbusds\oauth2-oidc-sdk\9.43.3\oauth2-oidc-sdk-9.43.3.jar;C:\Users\Admin\.m2\repository\com\github\stephenc\jcip\jcip-annotations\1.0-1\jcip-annotations-1.0-1.jar;C:\Users\Admin\.m2\repository\com\nimbusds\content-type\2.2\content-type-2.2.jar;C:\Users\Admin\.m2\repository\com\nimbusds\lang-tag\1.7\lang-tag-1.7.jar;C:\Users\Admin\.m2\repository\org\springframework\security\spring-security-oauth2-jose\6.2.4\spring-security-oauth2-jose-6.2.4.jar;C:\Users\Admin\.m2\repository\com\nimbusds\nimbus-jose-jwt\9.24.4\nimbus-jose-jwt-9.24.4.jar;C:\Users\Admin\.m2\repository\org\springframework\security\spring-security-test\6.2.4\spring-security-test-6.2.4.jar;C:\Users\Admin\.m2\repository\org\springframework\security\spring-security-web\6.2.4\spring-security-web-6.2.4.jar;C:\Users\Admin\.m2\repository\org\springframework\spring-core\6.1.6\spring-core-6.1.6.jar;C:\Users\Admin\.m2\repository\org\springframework\spring-jcl\6.1.6\spring-jcl-6.1.6.jar;C:\Users\Admin\.m2\repository\org\springframework\spring-test\6.1.6\spring-test-6.1.6.jar;C:\Users\Admin\.m2\repository\net\bytebuddy\byte-buddy\1.14.13\byte-buddy-1.14.13.jar;C:\Users\Admin\.m2\repository\org\springframework\boot\spring-boot-starter-websocket\3.2.5\spring-boot-starter-websocket-3.2.5.jar;C:\Users\Admin\.m2\repository\org\springframework\spring-messaging\6.1.6\spring-messaging-6.1.6.jar;C:\Users\Admin\.m2\repository\org\springframework\spring-websocket\6.1.6\spring-websocket-6.1.6.jar;C:\Users\Admin\.m2\repository\org\java-websocket\Java-WebSocket\1.5.2\Java-WebSocket-1.5.2.jar;C:\Users\Admin\.m2\repository\org\slf4j\slf4j-api\2.0.13\slf4j-api-2.0.13.jar;C:\Users\Admin\.m2\repository\org\springframework\boot\spring-boot-starter-web\3.2.5\spring-boot-starter-web-3.2.5.jar;C:\Users\Admin\.m2\repository\org\springframework\boot\spring-boot-starter-json\3.2.5\spring-boot-starter-json-3.2.5.jar;C:\Users\Admin\.m2\repository\com\fasterxml\jackson\core\jackson-databind\2.15.4\jackson-databind-2.15.4.jar;C:\Users\Admin\.m2\repository\com\fasterxml\jackson\core\jackson-annotations\2.15.4\jackson-annotations-2.15.4.jar;C:\Users\Admin\.m2\repository\com\fasterxml\jackson\core\jackson-core\2.15.4\jackson-core-2.15.4.jar;C:\Users\Admin\.m2\repository\com\fasterxml\jackson\datatype\jackson-datatype-jdk8\2.15.4\jackson-datatype-jdk8-2.15.4.jar;C:\Users\Admin\.m2\repository\com\fasterxml\jackson\datatype\jackson-datatype-jsr310\2.15.4\jackson-datatype-jsr310-2.15.4.jar;C:\Users\Admin\.m2\repository\com\fasterxml\jackson\module\jackson-module-parameter-names\2.15.4\jackson-module-parameter-names-2.15.4.jar;C:\Users\Admin\.m2\repository\org\springframework\boot\spring-boot-starter-tomcat\3.2.5\spring-boot-starter-tomcat-3.2.5.jar;C:\Users\Admin\.m2\repository\org\apache\tomcat\embed\tomcat-embed-core\10.1.20\tomcat-embed-core-10.1.20.jar;C:\Users\Admin\.m2\repository\org\apache\tomcat\embed\tomcat-embed-el\10.1.20\tomcat-embed-el-10.1.20.jar;C:\Users\Admin\.m2\repository\org\apache\tomcat\embed\tomcat-embed-websocket\10.1.20\tomcat-embed-websocket-10.1.20.jar;C:\Users\Admin\.m2\repository\org\springframework\spring-web\6.1.6\spring-web-6.1.6.jar;C:\Users\Admin\.m2\repository\org\springframework\spring-webmvc\6.1.6\spring-webmvc-6.1.6.jar;C:\Users\Admin\.m2\repository\jakarta\xml\bind\jakarta.xml.bind-api\4.0.2\jakarta.xml.bind-api-4.0.2.jar;C:\Users\Admin\.m2\repository\net\minidev\json-smart\2.5.1\json-smart-2.5.1.jar;C:\Users\Admin\.m2\repository\net\minidev\accessors-smart\2.5.1\accessors-smart-2.5.1.jar;C:\Users\Admin\.m2\repository\org\ow2\asm\asm\9.6\asm-9.6.jar;C:\Users\Admin\.m2\repository\org\springframework\boot\spring-boot-starter-data-jpa\3.2.5\spring-boot-starter-data-jpa-3.2.5.jar;C:\Users\Admin\.m2\repository\org\springframework\boot\spring-boot-starter-aop\3.2.5\spring-boot-starter-aop-3.2.5.jar;C:\Users\Admin\.m2\repository\org\aspectj\aspectjweaver\1.9.22\aspectjweaver-1.9.22.jar;C:\Users\Admin\.m2\repository\org\springframework\boot\spring-boot-starter-jdbc\3.2.5\spring-boot-starter-jdbc-3.2.5.jar;C:\Users\Admin\.m2\repository\com\zaxxer\HikariCP\5.0.1\HikariCP-5.0.1.jar;C:\Users\Admin\.m2\repository\org\springframework\spring-jdbc\6.1.6\spring-jdbc-6.1.6.jar;C:\Users\Admin\.m2\repository\org\hibernate\orm\hibernate-core\6.4.4.Final\hibernate-core-6.4.4.Final.jar;C:\Users\Admin\.m2\repository\jakarta\persistence\jakarta.persistence-api\3.1.0\jakarta.persistence-api-3.1.0.jar;C:\Users\Admin\.m2\repository\jakarta\transaction\jakarta.transaction-api\2.0.1\jakarta.transaction-api-2.0.1.jar;C:\Users\Admin\.m2\repository\org\jboss\logging\jboss-logging\3.5.3.Final\jboss-logging-3.5.3.Final.jar;C:\Users\Admin\.m2\repository\org\hibernate\common\hibernate-commons-annotations\6.0.6.Final\hibernate-commons-annotations-6.0.6.Final.jar;C:\Users\Admin\.m2\repository\io\smallrye\jandex\3.1.2\jandex-3.1.2.jar;C:\Users\Admin\.m2\repository\com\fasterxml\classmate\1.6.0\classmate-1.6.0.jar;C:\Users\Admin\.m2\repository\org\glassfish\jaxb\jaxb-runtime\4.0.5\jaxb-runtime-4.0.5.jar;C:\Users\Admin\.m2\repository\org\glassfish\jaxb\jaxb-core\4.0.5\jaxb-core-4.0.5.jar;C:\Users\Admin\.m2\repository\org\glassfish\jaxb\txw2\4.0.5\txw2-4.0.5.jar;C:\Users\Admin\.m2\repository\com\sun\istack\istack-commons-runtime\4.1.2\istack-commons-runtime-4.1.2.jar;C:\Users\Admin\.m2\repository\jakarta\inject\jakarta.inject-api\2.0.1\jakarta.inject-api-2.0.1.jar;C:\Users\Admin\.m2\repository\org\antlr\antlr4-runtime\4.13.0\antlr4-runtime-4.13.0.jar;C:\Users\Admin\.m2\repository\org\springframework\data\spring-data-jpa\3.2.5\spring-data-jpa-3.2.5.jar;C:\Users\Admin\.m2\repository\org\springframework\data\spring-data-commons\3.2.5\spring-data-commons-3.2.5.jar;C:\Users\Admin\.m2\repository\org\springframework\spring-orm\6.1.6\spring-orm-6.1.6.jar;C:\Users\Admin\.m2\repository\org\springframework\spring-tx\6.1.6\spring-tx-6.1.6.jar;C:\Users\Admin\.m2\repository\org\springframework\spring-aspects\6.1.6\spring-aspects-6.1.6.jar;C:\Users\Admin\.m2\repository\com\mysql\mysql-connector-j\8.3.0\mysql-connector-j-8.3.0.jar;C:\Users\Admin\.m2\repository\org\springframework\boot\spring-boot-starter-thymeleaf\3.2.5\spring-boot-starter-thymeleaf-3.2.5.jar;C:\Users\Admin\.m2\repository\org\thymeleaf\thymeleaf-spring6\3.1.2.RELEASE\thymeleaf-spring6-3.1.2.RELEASE.jar;C:\Users\Admin\.m2\repository\org\thymeleaf\thymeleaf\3.1.2.RELEASE\thymeleaf-3.1.2.RELEASE.jar;C:\Users\Admin\.m2\repository\org\attoparser\attoparser\2.0.7.RELEASE\attoparser-2.0.7.RELEASE.jar;C:\Users\Admin\.m2\repository\org\unbescape\unbescape\1.1.6.RELEASE\unbescape-1.1.6.RELEASE.jar;C:\Users\Admin\.m2\repository\org\springframework\boot\spring-boot-starter-security\3.2.5\spring-boot-starter-security-3.2.5.jar;C:\Users\Admin\.m2\repository\org\springframework\spring-aop\6.1.6\spring-aop-6.1.6.jar;C:\Users\Admin\.m2\repository\org\thymeleaf\extras\thymeleaf-extras-springsecurity6\3.1.2.RELEASE\thymeleaf-extras-springsecurity6-3.1.2.RELEASE.jar;C:\Users\Admin\.m2\repository\com\google\code\gson\gson\2.10.1\gson-2.10.1.jar;F:\HK2_Nam3\JavaUdemyCourse\EcommerceWebsite\EcommerceShop\MyShopCommon\target\classes
Launcher Type: SUN_STANDARD

[Global flags]
     intx CICompilerCount                          = 4                                         {product} {ergonomic}
     uint ConcGCThreads                            = 3                                         {product} {ergonomic}
     uint G1ConcRefinementThreads                  = 10                                        {product} {ergonomic}
   size_t G1HeapRegionSize                         = 1048576                                   {product} {ergonomic}
    uintx GCDrainStackTargetSize                   = 64                                        {product} {ergonomic}
   size_t InitialHeapSize                          = 132120576                                 {product} {ergonomic}
   size_t MarkStackSize                            = 4194304                                   {product} {ergonomic}
   size_t MaxHeapSize                              = 2101346304                                {product} {ergonomic}
   size_t MaxNewSize                               = 1260388352                                {product} {ergonomic}
   size_t MinHeapDeltaBytes                        = 1048576                                   {product} {ergonomic}
   size_t MinHeapSize                              = 8388608                                   {product} {ergonomic}
    uintx NonNMethodCodeHeapSize                   = 5839372                                {pd product} {ergonomic}
    uintx NonProfiledCodeHeapSize                  = 122909434                              {pd product} {ergonomic}
    uintx ProfiledCodeHeapSize                     = 122909434                              {pd product} {ergonomic}
    uintx ReservedCodeCacheSize                    = 251658240                              {pd product} {ergonomic}
     bool SegmentedCodeCache                       = true                                      {product} {ergonomic}
     bool ShowCodeDetailsInExceptionMessages       = true                                   {manageable} {command line}
   size_t SoftMaxHeapSize                          = 2101346304                             {manageable} {ergonomic}
     bool UseCompressedClassPointers               = true                           {product lp64_product} {ergonomic}
     bool UseCompressedOops                        = true                           {product lp64_product} {ergonomic}
     bool UseG1GC                                  = true                                      {product} {ergonomic}
     bool UseLargePagesIndividualAllocation        = false                                  {pd product} {ergonomic}

Logging:
Log output configuration:
 #0: stdout all=warning uptime,level,tags foldmultilines=false
 #1: stderr all=off uptime,level,tags foldmultilines=false

Environment Variables:
JAVA_HOME=C:\Program Files\Java\jdk-19\bin\
PATH=F:/WEBCOURSE/JAVA SPRING BOOT/STS4/sts-4.19.1.RELEASE//plugins/org.eclipse.justj.openjdk.hotspot.jre.full.win32.x86_64_22.0.0.v20240322-1225/jre/bin/server;F:/WEBCOURSE/JAVA SPRING BOOT/STS4/sts-4.19.1.RELEASE//plugins/org.eclipse.justj.openjdk.hotspot.jre.full.win32.x86_64_22.0.0.v20240322-1225/jre/bin;F:\python\Scripts\;F:\python\;C:\Program Files\Common Files\Oracle\Java\javapath;C:\Windows\system32;C:\Windows;C:\Windows\System32\Wbem;C:\Windows\System32\WindowsPowerShell\v1.0\;C:\Windows\System32\OpenSSH\;C:\Program Files (x86)\NVIDIA Corporation\PhysX\Common;C:\Program Files\NVIDIA Corporation\NVIDIA NvDLISR;C:\WINDOWS\system32;C:\WINDOWS;C:\WINDOWS\System32\Wbem;C:\WINDOWS\System32\WindowsPowerShell\v1.0\;C:\WINDOWS\System32\OpenSSH\;C:\WINDOWS\system32;C:\WINDOWS;C:\WINDOWS\System32\Wbem;C:\WINDOWS\System32\WindowsPowerShell\v1.0\;C:\WINDOWS\System32\OpenSSH\;f:\100\Tools\Binn\;f:\100\DTS\Binn\;C:\Program Files (x86)\Microsoft SQL Server\160\Tools\Binn\;C:\Program Files\Microsoft SQL Server\160\Tools\Binn\;C:\Program Files\Microsoft SQL Server\Client SDK\ODBC\170\Tools\Binn\;C:\Program Files\Microsoft SQL Server\160\DTS\Binn\;C:\Users\Admin\Documents\apache-maven-3.6.0\bin;C:\Program Files\dotnet\;F:\HK3_Nam1\Web Service Development\NodeJSTutorial\;C:\Program Files\Git\cmd;C:\Program Files (x86)\Microsoft SQL Server\110\Tools\Binn\;C:\Program Files\Microsoft SQL Server\110\Tools\Binn\;C:\Program Files\Microsoft SQL Server\110\DTS\Binn\;C:\Program Files\Git LFS;C:\Users\Admin\AppData\Local\Programs\Python\Launcher\;C:\Program Files\MySQL\MySQL Shell 8.0\bin\;C:\Users\Admin\AppData\Local\Programs\Python\Python310-32\Scripts\;C:\Users\Admin\AppData\Local\Programs\Python\Python310-32\;C:\Users\Admin\AppData\Local\Microsoft\WindowsApps;C:\Program Files\JetBrains\PyCharm Community Edition 2022.2.2\bin;;C:\Users\Admin\AppData\Local\GitHubDesktop\bin;C:\Program Files\Azure Data Studio\bin;C:\Program Files\heroku\bin;C:\Users\Admin\.dotnet\tools;C:\Users\Admin\AppData\Roaming\npm;F:\Microsoft VS Code\bin;C:\Program Files\Java\jdk-19\bin;C:\Program Files\JetBrains\IntelliJ IDEA 2024.1.1\bin;;F:\python\Scripts\;F:\Python;;F:\WEBCOURSE\JAVA SPRING BOOT\STS4\sts-4.19.1.RELEASE;
USERNAME=Admin
OS=Windows_NT
PROCESSOR_IDENTIFIER=Intel64 Family 6 Model 165 Stepping 2, GenuineIntel
TMP=C:\Users\Admin\AppData\Local\Temp
TEMP=C:\Users\Admin\AppData\Local\Temp



---------------  S Y S T E M  ---------------

OS:
 Windows 11 , 64 bit Build 22621 (10.0.22621.3958)
OS uptime: 5 days 7:30 hours
Hyper-V role detected

CPU: total 12 (initial active 12) (6 cores per cpu, 2 threads per core) family 6 model 165 stepping 2 microcode 0xe2, cx8, cmov, fxsr, ht, mmx, 3dnowpref, sse, sse2, sse3, ssse3, sse4.1, sse4.2, popcnt, lzcnt, tsc, tscinvbit, avx, avx2, aes, erms, clmul, bmi1, bmi2, adx, fma, vzeroupper, clflush, clflushopt, hv, rdtscp

Memory: 4k page, system-wide physical 8013M (437M free)
TotalPageFile size 32589M (AvailPageFile size 1M)
current process WorkingSet (physical memory assigned to process): 259M, peak: 260M
current process commit charge ("private bytes"): 299M, peak: 312M

vm_info: Java HotSpot(TM) 64-Bit Server VM (19+36-2238) for windows-amd64 JRE (19+36-2238), built on 2022-08-12T20:29:01Z by "mach5one" with MS VC++ 17.1 (VS2022)

END.
